  Camera.cpp
  Material.cpp
  Ray.cpp
  Scene.cpp
C:\Users\linneabergman\Documents\SideProjects\MonteCarloRayTracer\MonteCarloRayTracer\Scene.cpp(183,18): warning C4244: 'argument': conversion from 'float' to 'const int', possible loss of data
C:\Users\linneabergman\Documents\SideProjects\MonteCarloRayTracer\MonteCarloRayTracer\Scene.cpp(196,13): warning C4244: 'initializing': conversion from 'double' to 'int', possible loss of data
  SceneObject.cpp
C:\Users\linneabergman\Documents\SideProjects\MonteCarloRayTracer\MonteCarloRayTracer\SceneObject.cpp(23,58): warning C4244: '=': conversion from 'double' to 'float', possible loss of data
C:\Users\linneabergman\Documents\SideProjects\MonteCarloRayTracer\MonteCarloRayTracer\SceneObject.cpp(71,17): warning C4244: 'initializing': conversion from 'double' to 'float', possible loss of data
C:\Users\linneabergman\Documents\SideProjects\MonteCarloRayTracer\MonteCarloRayTracer\SceneObject.cpp(90,42): warning C4244: '=': conversion from 'double' to 'float', possible loss of data
  main.cpp
C:\Program Files (x86)\Microsoft Visual Studio\2019\Community\VC\Tools\MSVC\14.26.28801\include\xmemory(204,33): warning C4244: 'argument': conversion from '_Ty' to 'float', possible loss of data
          with
          [
              _Ty=double
          ]
C:\Program Files (x86)\Microsoft Visual Studio\2019\Community\VC\Tools\MSVC\14.26.28801\include\memory(1489): message : see reference to function template instantiation 'void std::_Construct_in_place<_Ty,glm::vec<3,float,glm::packed_highp>,glm::vec<3,float,glm::packed_highp>,glm::vec<3,float,glm::packed_highp>,double,const int&,const int&>(_Ty &,glm::vec<3,float,glm::packed_highp> &&,glm::vec<3,float,glm::packed_highp> &&,glm::vec<3,float,glm::packed_highp> &&,double &&,const int &,const int &) noexcept(false)' being compiled
          with
          [
              _Ty=Camera
          ]
C:\Program Files (x86)\Microsoft Visual Studio\2019\Community\VC\Tools\MSVC\14.26.28801\include\memory(1587): message : see reference to function template instantiation 'std::_Ref_count_obj2<_Ty>::_Ref_count_obj2<glm::vec<3,float,glm::packed_highp>,glm::vec<3,float,glm::packed_highp>,glm::vec<3,float,glm::packed_highp>,double,const int&,const int&>(glm::vec<3,float,glm::packed_highp> &&,glm::vec<3,float,glm::packed_highp> &&,glm::vec<3,float,glm::packed_highp> &&,double &&,const int &,const int &)' being compiled
          with
          [
              _Ty=Camera
          ]
C:\Program Files (x86)\Microsoft Visual Studio\2019\Community\VC\Tools\MSVC\14.26.28801\include\memory(1588): message : see reference to function template instantiation 'std::_Ref_count_obj2<_Ty>::_Ref_count_obj2<glm::vec<3,float,glm::packed_highp>,glm::vec<3,float,glm::packed_highp>,glm::vec<3,float,glm::packed_highp>,double,const int&,const int&>(glm::vec<3,float,glm::packed_highp> &&,glm::vec<3,float,glm::packed_highp> &&,glm::vec<3,float,glm::packed_highp> &&,double &&,const int &,const int &)' being compiled
          with
          [
              _Ty=Camera
          ]
C:\Users\linneabergman\Documents\SideProjects\MonteCarloRayTracer\MonteCarloRayTracer\main.cpp(42): message : see reference to function template instantiation 'std::shared_ptr<Camera> std::make_shared<Camera,glm::vec3,glm::vec3,glm::vec3,double,const int&,const int&>(glm::vec3 &&,glm::vec3 &&,glm::vec3 &&,double &&,const int &,const int &)' being compiled
  Generating Code...
  MonteCarloRayTracer.vcxproj -> C:\Users\linneabergman\Documents\SideProjects\MonteCarloRayTracer\Debug\MonteCarloRayTracer.exe
